
Complete operation:
	File name: bTemAtSQVFJz.pdf,
	Date of operation: 25.November.2022,
	Time of operation: 539ns,
	Memory of operation: 942901;

Complete operation:
	File name: ZbDPDllfvuNG.pdf,
	Date of operation: 25.November.2022,
	Time of operation: 573ns,
	Memory of operation: 942901;

Complete operation:
	File name: iRaFgsXuDemn.pdf,
	Date of operation: 25.November.2022,
	Time of operation: 198ns,
	Memory of operation: 942901;

Complete operation:
	File name: QpmwSBWRLwTn.pdf,
	Date of operation: 25.November.2022,
	Time of operation: 241ns,
	Memory of operation: 943663;

Complete operation:
	File name: FbmUVhduIbGR.pdf,
	Date of operation: 25.November.2022,
	Time of operation: 248ns,
	Memory of operation: 943663;
